<?xml version="1.0" encoding="UTF-8"?>
<!-- Generated by org.testng.reporters.JUnitReportReporter -->
<testsuite skipped="0" hostname="DESKTOP-VB4B7P9" name="webTableBrowser.Browserinitialize" tests="1" failures="0" timestamp="19 Jul 2018 01:18:33 GMT" time="13.874" errors="0">
  <testcase name="test1" time="13.874" classname="webTableBrowser.Browserinitialize"/>
</testsuite> <!-- webTableBrowser.Browserinitialize -->
